<?xml version="1.0" encoding="UTF-8"?>
<!-- Generated by org.testng.reporters.JUnitXMLReporter -->
<testsuite hostname="DELL-235CI4GQPV" ignored="3" name="Regression Test" tests="4" failures="0" timestamp="15 Jun 2019 18:53:04 GMT" time="75.925" errors="0">
  <testcase name="addEmployee" time="14.758" classname="com.syntax.testcases.AddEmployeePageTest"/>
  <testcase name="addEmployee" time="13.836" classname="com.syntax.testcases.AddEmployeePageTest"/>
  <testcase name="addEmployee" time="16.184" classname="com.syntax.testcases.AddEmployeePageTest"/>
  <testcase name="nagativeLogin" time="2.406" classname="com.syntax.testcases.LoginPageTest"/>
  <testcase name="addLocation" time="0.0" classname="com.syntax.testcases.AddLocationTest">
    <ignored/>
  </testcase> <!-- addLocation -->
  <testcase name="doLogin" time="0.0" classname="com.syntax.testcases.LoginPageTest">
    <ignored/>
  </testcase> <!-- doLogin -->
  <testcase name="loginToOrangeHRM" time="0.0" classname="com.syntax.testcases.LoginPageTest">
    <ignored/>
  </testcase> <!-- loginToOrangeHRM -->
</testsuite> <!-- Regression Test -->
